[debug] [2023-04-27T05:22:11.288Z] ----------------------------------------------------------------------
[debug] [2023-04-27T05:22:11.291Z] Command:       C:\Program Files\nodejs\node.exe C:\Users\Tuan Anh\AppData\Roaming\npm\node_modules\firebase-tools\lib\bin\firebase.js use --add
[debug] [2023-04-27T05:22:11.291Z] CLI Version:   11.28.0
[debug] [2023-04-27T05:22:11.291Z] Platform:      win32
[debug] [2023-04-27T05:22:11.291Z] Node Version:  v20.0.0
[debug] [2023-04-27T05:22:11.292Z] Time:          Thu Apr 27 2023 12:22:11 GMT+0700 (Indochina Time)
[debug] [2023-04-27T05:22:11.292Z] ----------------------------------------------------------------------
[debug] 
[debug] [2023-04-27T05:22:11.296Z] >>> [apiv2][query] GET https://firebase-public.firebaseio.com/cli.json [none]
[debug] [2023-04-27T05:22:11.435Z] > command requires scopes: ["email","openid","https://www.googleapis.com/auth/cloudplatformprojects.readonly","https://www.googleapis.com/auth/firebase","https://www.googleapis.com/auth/cloud-platform"]
[debug] [2023-04-27T05:22:11.435Z] > authorizing via signed-in user (xoconeexdeane14hsx@gmail.com)
[debug] [2023-04-27T05:22:11.437Z] > refreshing access token with scopes: []
[debug] [2023-04-27T05:22:11.438Z] >>> [apiv2][query] POST https://www.googleapis.com/oauth2/v3/token [none]
[debug] [2023-04-27T05:22:11.438Z] >>> [apiv2][body] POST https://www.googleapis.com/oauth2/v3/token [omitted]
[debug] [2023-04-27T05:22:11.743Z] <<< [apiv2][status] POST https://www.googleapis.com/oauth2/v3/token 200
[debug] [2023-04-27T05:22:11.743Z] <<< [apiv2][body] POST https://www.googleapis.com/oauth2/v3/token [omitted]
[debug] [2023-04-27T05:22:11.765Z] >>> [apiv2][query] GET https://firebase.googleapis.com/v1beta1/projects pageSize=1000
[debug] [2023-04-27T05:22:12.037Z] <<< [apiv2][status] GET https://firebase-public.firebaseio.com/cli.json 200
[debug] [2023-04-27T05:22:12.037Z] <<< [apiv2][body] GET https://firebase-public.firebaseio.com/cli.json {"cloudBuildErrorAfter":1594252800000,"cloudBuildWarnAfter":1590019200000,"defaultNode10After":1594252800000,"minVersion":"3.0.5","node8DeploysDisabledAfter":1613390400000,"node8RuntimeDisabledAfter":1615809600000,"node8WarnAfter":1600128000000}
[debug] [2023-04-27T05:22:12.647Z] <<< [apiv2][status] GET https://firebase.googleapis.com/v1beta1/projects 200
[debug] [2023-04-27T05:22:12.647Z] <<< [apiv2][body] GET https://firebase.googleapis.com/v1beta1/projects [omitted]
[debug] [2023-04-27T05:24:52.418Z] ----------------------------------------------------------------------
[debug] [2023-04-27T05:24:52.421Z] Command:       C:\Program Files\nodejs\node.exe C:\Users\Tuan Anh\AppData\Roaming\npm\node_modules\firebase-tools\lib\bin\firebase.js use --add
[debug] [2023-04-27T05:24:52.421Z] CLI Version:   11.28.0
[debug] [2023-04-27T05:24:52.421Z] Platform:      win32
[debug] [2023-04-27T05:24:52.421Z] Node Version:  v20.0.0
[debug] [2023-04-27T05:24:52.422Z] Time:          Thu Apr 27 2023 12:24:52 GMT+0700 (Indochina Time)
[debug] [2023-04-27T05:24:52.422Z] ----------------------------------------------------------------------
[debug] 
[debug] [2023-04-27T05:24:52.506Z] > command requires scopes: ["email","openid","https://www.googleapis.com/auth/cloudplatformprojects.readonly","https://www.googleapis.com/auth/firebase","https://www.googleapis.com/auth/cloud-platform"]
[debug] [2023-04-27T05:24:52.507Z] > authorizing via signed-in user (xoconeexdeane14hsx@gmail.com)
[debug] [2023-04-27T05:24:52.510Z] >>> [apiv2][query] GET https://firebase.googleapis.com/v1beta1/projects pageSize=1000
[debug] [2023-04-27T05:24:53.472Z] <<< [apiv2][status] GET https://firebase.googleapis.com/v1beta1/projects 200
[debug] [2023-04-27T05:24:53.472Z] <<< [apiv2][body] GET https://firebase.googleapis.com/v1beta1/projects [omitted]
